02:51:45: Creating resource group General
02:51:45: Creating resource group Internal
02:51:45: Creating resource group Autodetect
02:51:45: Registering ResourceManager for type Mesh
02:51:45: Registering ResourceManager for type Material
02:51:45: Registering ResourceManager for type Skeleton
02:51:45: XMLMeshSerializer reading mesh data from C:\gamelib\Win32-gcc\media\Cabine3d.mesh.xml...
02:51:45: Reading submeshes...
02:51:45: Reading geometry...
02:51:45: Geometry done...
02:51:45: Submeshes done.
02:51:45: XMLMeshSerializer import successful.
02:51:45: Reorganising vertex buffers to automatic layout..
02:51:45: MeshSerializer writing mesh data to C:\gamelib\Win32-gcc\media\Cabine3d.mesh...
02:51:45: File header written.
02:51:45: Writing mesh data...
02:51:45: Writing submesh...
02:51:45: Exporting submesh texture aliases...
02:51:45: Submesh texture aliases exported.
02:51:45: Submesh exported.
02:51:45: Exporting bounds information....
02:51:45: Bounds information exported.
02:51:45: Exporting submesh name table...
02:51:45: Submesh name table exported.
02:51:45: Exporting edge lists...
02:51:45: Edge lists exported
02:51:45: Mesh data exported.
02:51:45: MeshSerializer export successful.
02:51:45: Unregistering ResourceManager for type Skeleton
02:51:45: Unregistering ResourceManager for type Material
02:51:45: Unregistering ResourceManager for type Mesh
